<?xml version="1.0" encoding="UTF-8"?>
<!-- Generated by org.testng.reporters.JUnitReportReporter -->
<testsuite hostname="user-PC" failures="0" tests="1" name="com.flightBooking.tests.FlightBook" time="7.170" errors="0" timestamp="2021-05-04T00:31:50 IST" skipped="0">
  <testcase classname="com.flightBooking.tests.FlightBook" name="BookFlight" time="7.170"/>
  <system-out/>
</testsuite> <!-- com.flightBooking.tests.FlightBook -->
