<?xml version="1.0" encoding="UTF-8"?>
<!-- Generated by org.testng.reporters.JUnitReportReporter -->
<testsuite hostname="user-PC" failures="0" tests="4" name="com.flightBooking.tests.FlightBook_Main" time="7.789" errors="0" timestamp="2021-05-08T01:11:17 IST" skipped="0">
  <testcase classname="com.flightBooking.tests.FlightBook_Main" name="TC01_BF_Select_DepartAndDestin_Feature" time="3.210"/>
  <system-out/>
  <testcase classname="com.flightBooking.tests.FlightBook_Main" name="TC04_BF_Customer_ID_Confirmation" time="0.356"/>
  <system-out/>
  <testcase classname="com.flightBooking.tests.FlightBook_Main" name="TC02_BF_Select_Flight" time="1.005"/>
  <system-out/>
  <testcase classname="com.flightBooking.tests.FlightBook_Main" name="TC03_BF_Customer_Mandatory_Details" time="3.218"/>
  <system-out/>
</testsuite> <!-- com.flightBooking.tests.FlightBook_Main -->
